---------- TESTING CARD: adventurer ----------
Before: 
-Hand: copper copper estate copper copper 
-Size: 5
-Deck: estate copper copper estate copper 
-Size: 5
-Discard: 
-Size: 0
--TESTING: cardEffect & adventurer
TEST = PASSED

After: 
-Hand: copper copper estate copper copper copper copper 
-Size: 7
-Deck: estate copper 
-Size: 2
-Discard: 
-Size: 0
---Print Results

Expected: 
-Hand: copper copper estate copper copper copper copper 
-Size: 7
-Deck: estate copper 
-Size: 2
-Discard: estate 
-Size: 1


--Results:
-Hand Count:
Expected: 7
Results : 7
--TESTING HAND COUNT--
TESTING = PASSED
--TESTING HAND COUNT GAINED 2
TESTING = PASSED

-Deck Count:
Expected: 2
Results : 2
--TESTING DECK COUNT
TESTING = PASSED

-Discard Count:
Expected: 1
Results : 0
--TESTING DISCARD
CARD FAILED AT >> Discard Count
>>> TEST FAILED <<<
File 'cardtest1.c'
Lines executed:92.17% of 115
Branches executed:95.45% of 88
Taken at least once:67.05% of 88
Calls executed:78.38% of 74
Creating 'cardtest1.c.gcov'

