---------- TESTING CARD: smithy ----------
Before: 
-Hand: copper copper estate copper copper 
-Size: 5
-Deck: estate copper copper estate copper 
-Size: 5
-Discard: 
-Size: 0
--TESTING: cardEffect & smithy
TEST = PASSED

After: 
-Hand: estate copper estate copper copper copper 
-Size: 6
-Deck: estate copper copper 
-Size: 3
-Discard: 
-Size: 0
---Print Results

Expected: 
-Hand: copper copper estate copper copper copper estate 
-Size: 7
-Deck: estate copper 
-Size: 2
-Discard: 
-Size: 0


--Results:
-Hand Count:
Expected: 7
Results : 6
--TESTING HAND COUNT--
CARD FAILED AT >> Hand Count
--TESTING HAND COUNT GAIN--
CARD FAILED AT >> Hand Count did not gain 3 cards & discard smithy.

-Deck Count:
Expected: 2
Results : 3
--TESTING DECK COUNT
CARD FAILED AT >> Deck Count

-Discard Count:
Expected: 0
Results : 0
--TESTING DISCARD
>>> TEST FAILED <<<
File 'cardtest2.c'
Lines executed:83.87% of 93
Branches executed:80.00% of 50
Taken at least once:54.00% of 50
Calls executed:77.78% of 72
Creating 'cardtest2.c.gcov'

