TESTING gainCard()

MAX_PLAYERS = 4
--Card: curse

Testing Gaining curse to Discard for Player 0:
--TEST PASSED--
Player 0: curse 
Player 1: 
Player 2: 
Player 3: 
Testing Gaining curse to Deck for Player 0:
--TEST PASSED--
Player 0: curse 
Player 1: 
Player 2: 
Player 3: 
Testing Gaining curse to Hand for Player 0:
--TEST PASSED--
Player 0: curse 
Player 1: 
Player 2: 
Player 3: 
Testing Gaining curse to Discard for Player 1:
--TEST PASSED--
Player 0: curse 
Player 1: curse 
Player 2: 
Player 3: 
Testing Gaining curse to Deck for Player 1:
--TEST PASSED--
Player 0: curse 
Player 1: curse 
Player 2: 
Player 3: 
Testing Gaining curse to Hand for Player 1:
--TEST PASSED--
Player 0: curse 
Player 1: curse 
Player 2: 
Player 3: 
Testing Gaining curse to Discard for Player 2:
--TEST PASSED--
Player 0: curse 
Player 1: curse 
Player 2: curse 
Player 3: 
Testing Gaining curse to Deck for Player 2:
--TEST PASSED--
Player 0: curse 
Player 1: curse 
Player 2: curse 
Player 3: 
Testing Gaining curse to Hand for Player 2:
--TEST PASSED--
Player 0: curse 
Player 1: curse 
Player 2: curse 
Player 3: 
Testing Gaining curse to Discard for Player 3:
--TEST PASSED--
Player 0: curse 
Player 1: curse 
Player 2: curse 
Player 3: curse 
Testing Gaining curse to Deck for Player 3:
--TEST PASSED--
Player 0: curse 
Player 1: curse 
Player 2: curse 
Player 3: curse 
Testing Gaining curse to Hand for Player 3:
--TEST PASSED--
Player 0: curse 
Player 1: curse 
Player 2: curse 
Player 3: curse 
--Card: estate

Testing Gaining estate to Discard for Player 0:
--TEST PASSED--
Player 0: curse estate 
Player 1: curse 
Player 2: curse 
Player 3: curse 
Testing Gaining estate to Deck for Player 0:
--TEST PASSED--
Player 0: curse estate 
Player 1: curse 
Player 2: curse 
Player 3: curse 
Testing Gaining estate to Hand for Player 0:
--TEST PASSED--
Player 0: curse estate 
Player 1: curse 
Player 2: curse 
Player 3: curse 
Testing Gaining estate to Discard for Player 1:
--TEST PASSED--
Player 0: curse estate 
Player 1: curse estate 
Player 2: curse 
Player 3: curse 
Testing Gaining estate to Deck for Player 1:
--TEST PASSED--
Player 0: curse estate 
Player 1: curse estate 
Player 2: curse 
Player 3: curse 
Testing Gaining estate to Hand for Player 1:
--TEST PASSED--
Player 0: curse estate 
Player 1: curse estate 
Player 2: curse 
Player 3: curse 
Testing Gaining estate to Discard for Player 2:
--TEST PASSED--
Player 0: curse estate 
Player 1: curse estate 
Player 2: curse estate 
Player 3: curse 
Testing Gaining estate to Deck for Player 2:
--TEST PASSED--
Player 0: curse estate 
Player 1: curse estate 
Player 2: curse estate 
Player 3: curse 
Testing Gaining estate to Hand for Player 2:
--TEST PASSED--
Player 0: curse estate 
Player 1: curse estate 
Player 2: curse estate 
Player 3: curse 
Testing Gaining estate to Discard for Player 3:
--TEST PASSED--
Player 0: curse estate 
Player 1: curse estate 
Player 2: curse estate 
Player 3: curse estate 
Testing Gaining estate to Deck for Player 3:
--TEST PASSED--
Player 0: curse estate 
Player 1: curse estate 
Player 2: curse estate 
Player 3: curse estate 
Testing Gaining estate to Hand for Player 3:
--TEST PASSED--
Player 0: curse estate 
Player 1: curse estate 
Player 2: curse estate 
Player 3: curse estate 
--Card: duchy

Testing Gaining duchy to Discard for Player 0:
--TEST PASSED--
Player 0: curse estate duchy 
Player 1: curse estate 
Player 2: curse estate 
Player 3: curse estate 
Testing Gaining duchy to Deck for Player 0:
--TEST PASSED--
Player 0: curse estate duchy 
Player 1: curse estate 
Player 2: curse estate 
Player 3: curse estate 
Testing Gaining duchy to Hand for Player 0:
--TEST PASSED--
Player 0: curse estate duchy 
Player 1: curse estate 
Player 2: curse estate 
Player 3: curse estate 
Testing Gaining duchy to Discard for Player 1:
--TEST PASSED--
Player 0: curse estate duchy 
Player 1: curse estate duchy 
Player 2: curse estate 
Player 3: curse estate 
Testing Gaining duchy to Deck for Player 1:
--TEST PASSED--
Player 0: curse estate duchy 
Player 1: curse estate duchy 
Player 2: curse estate 
Player 3: curse estate 
Testing Gaining duchy to Hand for Player 1:
--TEST PASSED--
Player 0: curse estate duchy 
Player 1: curse estate duchy 
Player 2: curse estate 
Player 3: curse estate 
Testing Gaining duchy to Discard for Player 2:
--TEST PASSED--
Player 0: curse estate duchy 
Player 1: curse estate duchy 
Player 2: curse estate duchy 
Player 3: curse estate 
Testing Gaining duchy to Deck for Player 2:
--TEST PASSED--
Player 0: curse estate duchy 
Player 1: curse estate duchy 
Player 2: curse estate duchy 
Player 3: curse estate 
Testing Gaining duchy to Hand for Player 2:
--TEST PASSED--
Player 0: curse estate duchy 
Player 1: curse estate duchy 
Player 2: curse estate duchy 
Player 3: curse estate 
Testing Gaining duchy to Discard for Player 3:
--TEST PASSED--
Player 0: curse estate duchy 
Player 1: curse estate duchy 
Player 2: curse estate duchy 
Player 3: curse estate duchy 
Testing Gaining duchy to Deck for Player 3:
--TEST PASSED--
Player 0: curse estate duchy 
Player 1: curse estate duchy 
Player 2: curse estate duchy 
Player 3: curse estate duchy 
Testing Gaining duchy to Hand for Player 3:
--TEST PASSED--
Player 0: curse estate duchy 
Player 1: curse estate duchy 
Player 2: curse estate duchy 
Player 3: curse estate duchy 
--Card: province

Testing Gaining province to Discard for Player 0:
--TEST PASSED--
Player 0: curse estate duchy province 
Player 1: curse estate duchy 
Player 2: curse estate duchy 
Player 3: curse estate duchy 
Testing Gaining province to Deck for Player 0:
--TEST PASSED--
Player 0: curse estate duchy province 
Player 1: curse estate duchy 
Player 2: curse estate duchy 
Player 3: curse estate duchy 
Testing Gaining province to Hand for Player 0:
--TEST PASSED--
Player 0: curse estate duchy province 
Player 1: curse estate duchy 
Player 2: curse estate duchy 
Player 3: curse estate duchy 
Testing Gaining province to Discard for Player 1:
--TEST PASSED--
Player 0: curse estate duchy province 
Player 1: curse estate duchy province 
Player 2: curse estate duchy 
Player 3: curse estate duchy 
Testing Gaining province to Deck for Player 1:
--TEST PASSED--
Player 0: curse estate duchy province 
Player 1: curse estate duchy province 
Player 2: curse estate duchy 
Player 3: curse estate duchy 
Testing Gaining province to Hand for Player 1:
--TEST PASSED--
Player 0: curse estate duchy province 
Player 1: curse estate duchy province 
Player 2: curse estate duchy 
Player 3: curse estate duchy 
Testing Gaining province to Discard for Player 2:
--TEST PASSED--
Player 0: curse estate duchy province 
Player 1: curse estate duchy province 
Player 2: curse estate duchy province 
Player 3: curse estate duchy 
Testing Gaining province to Deck for Player 2:
--TEST PASSED--
Player 0: curse estate duchy province 
Player 1: curse estate duchy province 
Player 2: curse estate duchy province 
Player 3: curse estate duchy 
Testing Gaining province to Hand for Player 2:
--TEST PASSED--
Player 0: curse estate duchy province 
Player 1: curse estate duchy province 
Player 2: curse estate duchy province 
Player 3: curse estate duchy 
Testing Gaining province to Discard for Player 3:
--TEST PASSED--
Player 0: curse estate duchy province 
Player 1: curse estate duchy province 
Player 2: curse estate duchy province 
Player 3: curse estate duchy province 
Testing Gaining province to Deck for Player 3:
--TEST PASSED--
Player 0: curse estate duchy province 
Player 1: curse estate duchy province 
Player 2: curse estate duchy province 
Player 3: curse estate duchy province 
Testing Gaining province to Hand for Player 3:
--TEST PASSED--
Player 0: curse estate duchy province 
Player 1: curse estate duchy province 
Player 2: curse estate duchy province 
Player 3: curse estate duchy province 
--Card: copper

Testing Gaining copper to Discard for Player 0:
--TEST PASSED--
Player 0: curse estate duchy province copper 
Player 1: curse estate duchy province 
Player 2: curse estate duchy province 
Player 3: curse estate duchy province 
Testing Gaining copper to Deck for Player 0:
--TEST PASSED--
Player 0: curse estate duchy province copper 
Player 1: curse estate duchy province 
Player 2: curse estate duchy province 
Player 3: curse estate duchy province 
Testing Gaining copper to Hand for Player 0:
--TEST PASSED--
Player 0: curse estate duchy province copper 
Player 1: curse estate duchy province 
Player 2: curse estate duchy province 
Player 3: curse estate duchy province 
Testing Gaining copper to Discard for Player 1:
--TEST PASSED--
Player 0: curse estate duchy province copper 
Player 1: curse estate duchy province copper 
Player 2: curse estate duchy province 
Player 3: curse estate duchy province 
Testing Gaining copper to Deck for Player 1:
--TEST PASSED--
Player 0: curse estate duchy province copper 
Player 1: curse estate duchy province copper 
Player 2: curse estate duchy province 
Player 3: curse estate duchy province 
Testing Gaining copper to Hand for Player 1:
--TEST PASSED--
Player 0: curse estate duchy province copper 
Player 1: curse estate duchy province copper 
Player 2: curse estate duchy province 
Player 3: curse estate duchy province 
Testing Gaining copper to Discard for Player 2:
--TEST PASSED--
Player 0: curse estate duchy province copper 
Player 1: curse estate duchy province copper 
Player 2: curse estate duchy province copper 
Player 3: curse estate duchy province 
Testing Gaining copper to Deck for Player 2:
--TEST PASSED--
Player 0: curse estate duchy province copper 
Player 1: curse estate duchy province copper 
Player 2: curse estate duchy province copper 
Player 3: curse estate duchy province 
Testing Gaining copper to Hand for Player 2:
--TEST PASSED--
Player 0: curse estate duchy province copper 
Player 1: curse estate duchy province copper 
Player 2: curse estate duchy province copper 
Player 3: curse estate duchy province 
Testing Gaining copper to Discard for Player 3:
--TEST PASSED--
Player 0: curse estate duchy province copper 
Player 1: curse estate duchy province copper 
Player 2: curse estate duchy province copper 
Player 3: curse estate duchy province copper 
Testing Gaining copper to Deck for Player 3:
--TEST PASSED--
Player 0: curse estate duchy province copper 
Player 1: curse estate duchy province copper 
Player 2: curse estate duchy province copper 
Player 3: curse estate duchy province copper 
Testing Gaining copper to Hand for Player 3:
--TEST PASSED--
Player 0: curse estate duchy province copper 
Player 1: curse estate duchy province copper 
Player 2: curse estate duchy province copper 
Player 3: curse estate duchy province copper 
--Card: silver

Testing Gaining silver to Discard for Player 0:
--TEST PASSED--
Player 0: curse estate duchy province copper silver 
Player 1: curse estate duchy province copper 
Player 2: curse estate duchy province copper 
Player 3: curse estate duchy province copper 
Testing Gaining silver to Deck for Player 0:
--TEST PASSED--
Player 0: curse estate duchy province copper silver 
Player 1: curse estate duchy province copper 
Player 2: curse estate duchy province copper 
Player 3: curse estate duchy province copper 
Testing Gaining silver to Hand for Player 0:
--TEST PASSED--
Player 0: curse estate duchy province copper silver 
Player 1: curse estate duchy province copper 
Player 2: curse estate duchy province copper 
Player 3: curse estate duchy province copper 
Testing Gaining silver to Discard for Player 1:
--TEST PASSED--
Player 0: curse estate duchy province copper silver 
Player 1: curse estate duchy province copper silver 
Player 2: curse estate duchy province copper 
Player 3: curse estate duchy province copper 
Testing Gaining silver to Deck for Player 1:
--TEST PASSED--
Player 0: curse estate duchy province copper silver 
Player 1: curse estate duchy province copper silver 
Player 2: curse estate duchy province copper 
Player 3: curse estate duchy province copper 
Testing Gaining silver to Hand for Player 1:
--TEST PASSED--
Player 0: curse estate duchy province copper silver 
Player 1: curse estate duchy province copper silver 
Player 2: curse estate duchy province copper 
Player 3: curse estate duchy province copper 
Testing Gaining silver to Discard for Player 2:
--TEST PASSED--
Player 0: curse estate duchy province copper silver 
Player 1: curse estate duchy province copper silver 
Player 2: curse estate duchy province copper silver 
Player 3: curse estate duchy province copper 
Testing Gaining silver to Deck for Player 2:
--TEST PASSED--
Player 0: curse estate duchy province copper silver 
Player 1: curse estate duchy province copper silver 
Player 2: curse estate duchy province copper silver 
Player 3: curse estate duchy province copper 
Testing Gaining silver to Hand for Player 2:
--TEST PASSED--
Player 0: curse estate duchy province copper silver 
Player 1: curse estate duchy province copper silver 
Player 2: curse estate duchy province copper silver 
Player 3: curse estate duchy province copper 
Testing Gaining silver to Discard for Player 3:
--TEST PASSED--
Player 0: curse estate duchy province copper silver 
Player 1: curse estate duchy province copper silver 
Player 2: curse estate duchy province copper silver 
Player 3: curse estate duchy province copper silver 
Testing Gaining silver to Deck for Player 3:
--TEST PASSED--
Player 0: curse estate duchy province copper silver 
Player 1: curse estate duchy province copper silver 
Player 2: curse estate duchy province copper silver 
Player 3: curse estate duchy province copper silver 
Testing Gaining silver to Hand for Player 3:
--TEST PASSED--
Player 0: curse estate duchy province copper silver 
Player 1: curse estate duchy province copper silver 
Player 2: curse estate duchy province copper silver 
Player 3: curse estate duchy province copper silver 
--Card: gold

Testing Gaining gold to Discard for Player 0:
--TEST PASSED--
Player 0: curse estate duchy province copper silver gold 
Player 1: curse estate duchy province copper silver 
Player 2: curse estate duchy province copper silver 
Player 3: curse estate duchy province copper silver 
Testing Gaining gold to Deck for Player 0:
--TEST PASSED--
Player 0: curse estate duchy province copper silver gold 
Player 1: curse estate duchy province copper silver 
Player 2: curse estate duchy province copper silver 
Player 3: curse estate duchy province copper silver 
Testing Gaining gold to Hand for Player 0:
--TEST PASSED--
Player 0: curse estate duchy province copper silver gold 
Player 1: curse estate duchy province copper silver 
Player 2: curse estate duchy province copper silver 
Player 3: curse estate duchy province copper silver 
Testing Gaining gold to Discard for Player 1:
--TEST PASSED--
Player 0: curse estate duchy province copper silver gold 
Player 1: curse estate duchy province copper silver gold 
Player 2: curse estate duchy province copper silver 
Player 3: curse estate duchy province copper silver 
Testing Gaining gold to Deck for Player 1:
--TEST PASSED--
Player 0: curse estate duchy province copper silver gold 
Player 1: curse estate duchy province copper silver gold 
Player 2: curse estate duchy province copper silver 
Player 3: curse estate duchy province copper silver 
Testing Gaining gold to Hand for Player 1:
--TEST PASSED--
Player 0: curse estate duchy province copper silver gold 
Player 1: curse estate duchy province copper silver gold 
Player 2: curse estate duchy province copper silver 
Player 3: curse estate duchy province copper silver 
Testing Gaining gold to Discard for Player 2:
--TEST PASSED--
Player 0: curse estate duchy province copper silver gold 
Player 1: curse estate duchy province copper silver gold 
Player 2: curse estate duchy province copper silver gold 
Player 3: curse estate duchy province copper silver 
Testing Gaining gold to Deck for Player 2:
--TEST PASSED--
Player 0: curse estate duchy province copper silver gold 
Player 1: curse estate duchy province copper silver gold 
Player 2: curse estate duchy province copper silver gold 
Player 3: curse estate duchy province copper silver 
Testing Gaining gold to Hand for Player 2:
--TEST PASSED--
Player 0: curse estate duchy province copper silver gold 
Player 1: curse estate duchy province copper silver gold 
Player 2: curse estate duchy province copper silver gold 
Player 3: curse estate duchy province copper silver 
Testing Gaining gold to Discard for Player 3:
--TEST PASSED--
Player 0: curse estate duchy province copper silver gold 
Player 1: curse estate duchy province copper silver gold 
Player 2: curse estate duchy province copper silver gold 
Player 3: curse estate duchy province copper silver gold 
Testing Gaining gold to Deck for Player 3:
--TEST PASSED--
Player 0: curse estate duchy province copper silver gold 
Player 1: curse estate duchy province copper silver gold 
Player 2: curse estate duchy province copper silver gold 
Player 3: curse estate duchy province copper silver gold 
Testing Gaining gold to Hand for Player 3:
--TEST PASSED--
Player 0: curse estate duchy province copper silver gold 
Player 1: curse estate duchy province copper silver gold 
Player 2: curse estate duchy province copper silver gold 
Player 3: curse estate duchy province copper silver gold 
--Card: adventurer

Testing Gaining adventurer to Discard for Player 0:
--TEST PASSED--
Player 0: curse estate duchy province copper silver gold adventurer 
Player 1: curse estate duchy province copper silver gold 
Player 2: curse estate duchy province copper silver gold 
Player 3: curse estate duchy province copper silver gold 
Testing Gaining adventurer to Deck for Player 0:
--TEST PASSED--
Player 0: curse estate duchy province copper silver gold adventurer 
Player 1: curse estate duchy province copper silver gold 
Player 2: curse estate duchy province copper silver gold 
Player 3: curse estate duchy province copper silver gold 
Testing Gaining adventurer to Hand for Player 0:
--TEST PASSED--
Player 0: curse estate duchy province copper silver gold adventurer 
Player 1: curse estate duchy province copper silver gold 
Player 2: curse estate duchy province copper silver gold 
Player 3: curse estate duchy province copper silver gold 
Testing Gaining adventurer to Discard for Player 1:
--TEST PASSED--
Player 0: curse estate duchy province copper silver gold adventurer 
Player 1: curse estate duchy province copper silver gold adventurer 
Player 2: curse estate duchy province copper silver gold 
Player 3: curse estate duchy province copper silver gold 
Testing Gaining adventurer to Deck for Player 1:
--TEST PASSED--
Player 0: curse estate duchy province copper silver gold adventurer 
Player 1: curse estate duchy province copper silver gold adventurer 
Player 2: curse estate duchy province copper silver gold 
Player 3: curse estate duchy province copper silver gold 
Testing Gaining adventurer to Hand for Player 1:
--TEST PASSED--
Player 0: curse estate duchy province copper silver gold adventurer 
Player 1: curse estate duchy province copper silver gold adventurer 
Player 2: curse estate duchy province copper silver gold 
Player 3: curse estate duchy province copper silver gold 
Testing Gaining adventurer to Discard for Player 2:
--TEST PASSED--
Player 0: curse estate duchy province copper silver gold adventurer 
Player 1: curse estate duchy province copper silver gold adventurer 
Player 2: curse estate duchy province copper silver gold adventurer 
Player 3: curse estate duchy province copper silver gold 
Testing Gaining adventurer to Deck for Player 2:
--TEST PASSED--
Player 0: curse estate duchy province copper silver gold adventurer 
Player 1: curse estate duchy province copper silver gold adventurer 
Player 2: curse estate duchy province copper silver gold adventurer 
Player 3: curse estate duchy province copper silver gold 
Testing Gaining adventurer to Hand for Player 2:
--TEST PASSED--
Player 0: curse estate duchy province copper silver gold adventurer 
Player 1: curse estate duchy province copper silver gold adventurer 
Player 2: curse estate duchy province copper silver gold adventurer 
Player 3: curse estate duchy province copper silver gold 
Testing Gaining adventurer to Discard for Player 3:
--TEST PASSED--
Player 0: curse estate duchy province copper silver gold adventurer 
Player 1: curse estate duchy province copper silver gold adventurer 
Player 2: curse estate duchy province copper silver gold adventurer 
Player 3: curse estate duchy province copper silver gold adventurer 
Testing Gaining adventurer to Deck for Player 3:
Supply of adventurer was empty; COULD NOT GAIN
--TEST PASSED--
Testing Gaining adventurer to Hand for Player 3:
Supply of adventurer was empty; COULD NOT GAIN
--TEST PASSED--
--Card: council_room

Testing Gaining council_room to Discard for Player 0:
Supply of council_room was empty; COULD NOT GAIN
--TEST PASSED--
Testing Gaining council_room to Deck for Player 0:
Supply of council_room was empty; COULD NOT GAIN
--TEST PASSED--
Testing Gaining council_room to Hand for Player 0:
Supply of council_room was empty; COULD NOT GAIN
--TEST PASSED--
Testing Gaining council_room to Discard for Player 1:
Supply of council_room was empty; COULD NOT GAIN
--TEST PASSED--
Testing Gaining council_room to Deck for Player 1:
Supply of council_room was empty; COULD NOT GAIN
--TEST PASSED--
Testing Gaining council_room to Hand for Player 1:
Supply of council_room was empty; COULD NOT GAIN
--TEST PASSED--
Testing Gaining council_room to Discard for Player 2:
Supply of council_room was empty; COULD NOT GAIN
--TEST PASSED--
Testing Gaining council_room to Deck for Player 2:
Supply of council_room was empty; COULD NOT GAIN
--TEST PASSED--
Testing Gaining council_room to Hand for Player 2:
Supply of council_room was empty; COULD NOT GAIN
--TEST PASSED--
Testing Gaining council_room to Discard for Player 3:
Supply of council_room was empty; COULD NOT GAIN
--TEST PASSED--
Testing Gaining council_room to Deck for Player 3:
Supply of council_room was empty; COULD NOT GAIN
--TEST PASSED--
Testing Gaining council_room to Hand for Player 3:
Supply of council_room was empty; COULD NOT GAIN
--TEST PASSED--
--Card: feast

Testing Gaining feast to Discard for Player 0:
Supply of feast was empty; COULD NOT GAIN
--TEST PASSED--
Testing Gaining feast to Deck for Player 0:
Supply of feast was empty; COULD NOT GAIN
--TEST PASSED--
Testing Gaining feast to Hand for Player 0:
Supply of feast was empty; COULD NOT GAIN
--TEST PASSED--
Testing Gaining feast to Discard for Player 1:
Supply of feast was empty; COULD NOT GAIN
--TEST PASSED--
Testing Gaining feast to Deck for Player 1:
Supply of feast was empty; COULD NOT GAIN
--TEST PASSED--
Testing Gaining feast to Hand for Player 1:
Supply of feast was empty; COULD NOT GAIN
--TEST PASSED--
Testing Gaining feast to Discard for Player 2:
Supply of feast was empty; COULD NOT GAIN
--TEST PASSED--
Testing Gaining feast to Deck for Player 2:
Supply of feast was empty; COULD NOT GAIN
--TEST PASSED--
Testing Gaining feast to Hand for Player 2:
Supply of feast was empty; COULD NOT GAIN
--TEST PASSED--
Testing Gaining feast to Discard for Player 3:
Supply of feast was empty; COULD NOT GAIN
--TEST PASSED--
Testing Gaining feast to Deck for Player 3:
Supply of feast was empty; COULD NOT GAIN
--TEST PASSED--
Testing Gaining feast to Hand for Player 3:
Supply of feast was empty; COULD NOT GAIN
--TEST PASSED--
--Card: gardens

Testing Gaining gardens to Discard for Player 0:
--TEST PASSED--
Player 0: curse estate duchy province copper silver gold adventurer gardens 
Player 1: curse estate duchy province copper silver gold adventurer 
Player 2: curse estate duchy province copper silver gold adventurer 
Player 3: curse estate duchy province copper silver gold adventurer 
Testing Gaining gardens to Deck for Player 0:
--TEST PASSED--
Player 0: curse estate duchy province copper silver gold adventurer gardens 
Player 1: curse estate duchy province copper silver gold adventurer 
Player 2: curse estate duchy province copper silver gold adventurer 
Player 3: curse estate duchy province copper silver gold 
Testing Gaining gardens to Hand for Player 0:
--TEST PASSED--
Player 0: curse estate duchy province copper silver gold adventurer gardens 
Player 1: curse estate duchy province copper silver gold adventurer 
Player 2: curse estate duchy province copper silver gold adventurer 
Player 3: curse estate duchy province copper silver gold 
Testing Gaining gardens to Discard for Player 1:
--TEST PASSED--
Player 0: curse estate duchy province copper silver gold adventurer gardens 
Player 1: curse estate duchy province copper silver gold adventurer gardens 
Player 2: curse estate duchy province copper silver gold adventurer 
Player 3: curse estate duchy province copper silver gold adventurer 
Testing Gaining gardens to Deck for Player 1:
--TEST PASSED--
Player 0: curse estate duchy province copper silver gold adventurer gardens 
Player 1: curse estate duchy province copper silver gold adventurer gardens 
Player 2: curse estate duchy province copper silver gold adventurer 
Player 3: curse estate duchy province copper silver gold 
Testing Gaining gardens to Hand for Player 1:
--TEST PASSED--
Player 0: curse estate duchy province copper silver gold adventurer gardens 
Player 1: curse estate duchy province copper silver gold adventurer gardens 
Player 2: curse estate duchy province copper silver gold adventurer 
Player 3: curse estate duchy province copper silver gold 
Testing Gaining gardens to Discard for Player 2:
--TEST PASSED--
Player 0: curse estate duchy province copper silver gold adventurer gardens 
Player 1: curse estate duchy province copper silver gold adventurer gardens 
Player 2: curse estate duchy province copper silver gold adventurer gardens 
Player 3: curse estate duchy province copper silver gold adventurer 
Testing Gaining gardens to Deck for Player 2:
--TEST PASSED--
Player 0: curse estate duchy province copper silver gold adventurer gardens 
Player 1: curse estate duchy province copper silver gold adventurer gardens 
Player 2: curse estate duchy province copper silver gold adventurer gardens 
Player 3: curse estate duchy province copper silver gold 
Testing Gaining gardens to Hand for Player 2:
--TEST PASSED--
Player 0: curse estate duchy province copper silver gold adventurer gardens 
Player 1: curse estate duchy province copper silver gold adventurer gardens 
Player 2: curse estate duchy province copper silver gold adventurer gardens 
Player 3: curse estate duchy province copper silver gold 
Testing Gaining gardens to Discard for Player 3:
--TEST PASSED--
Player 0: curse estate duchy province copper silver gold adventurer gardens 
Player 1: curse estate duchy province copper silver gold adventurer gardens 
Player 2: curse estate duchy province copper silver gold adventurer gardens 
Player 3: curse estate duchy province copper silver gold adventurer gardens 
Testing Gaining gardens to Deck for Player 3:
--TEST PASSED--
Player 0: curse estate duchy province copper silver gold adventurer gardens 
Player 1: curse estate duchy province copper silver gold adventurer gardens 
Player 2: curse estate duchy province copper silver gold adventurer gardens 
Player 3: curse estate duchy province copper silver gold gardens 
Testing Gaining gardens to Hand for Player 3:
--TEST PASSED--
Player 0: curse estate duchy province copper silver gold adventurer gardens 
Player 1: curse estate duchy province copper silver gold adventurer gardens 
Player 2: curse estate duchy province copper silver gold adventurer gardens 
Player 3: curse estate duchy province copper silver gold gardens 
--Card: mine

Testing Gaining mine to Discard for Player 0:
--TEST PASSED--
Player 0: curse estate duchy province copper silver gold adventurer gardens mine 
Player 1: curse estate duchy province copper silver gold adventurer gardens 
Player 2: curse estate duchy province copper silver gold adventurer gardens 
Player 3: curse estate duchy province copper silver gold adventurer gardens 
Testing Gaining mine to Deck for Player 0:
--TEST PASSED--
Player 0: curse estate duchy province copper silver gold adventurer gardens mine 
Player 1: curse estate duchy province copper silver gold adventurer gardens 
Player 2: curse estate duchy province copper silver gold adventurer gardens 
Player 3: curse estate duchy province copper silver gold gardens 
Testing Gaining mine to Hand for Player 0:
--TEST PASSED--
Player 0: curse estate duchy province copper silver gold adventurer gardens mine 
Player 1: curse estate duchy province copper silver gold adventurer gardens 
Player 2: curse estate duchy province copper silver gold adventurer gardens 
Player 3: curse estate duchy province copper silver gold gardens 
Testing Gaining mine to Discard for Player 1:
--TEST PASSED--
Player 0: curse estate duchy province copper silver gold adventurer gardens mine 
Player 1: curse estate duchy province copper silver gold adventurer gardens mine 
Player 2: curse estate duchy province copper silver gold adventurer gardens 
Player 3: curse estate duchy province copper silver gold adventurer gardens 
Testing Gaining mine to Deck for Player 1:
--TEST PASSED--
Player 0: curse estate duchy province copper silver gold adventurer gardens mine 
Player 1: curse estate duchy province copper silver gold adventurer gardens mine 
Player 2: curse estate duchy province copper silver gold adventurer gardens 
Player 3: curse estate duchy province copper silver gold gardens 
Testing Gaining mine to Hand for Player 1:
--TEST PASSED--
Player 0: curse estate duchy province copper silver gold adventurer gardens mine 
Player 1: curse estate duchy province copper silver gold adventurer gardens mine 
Player 2: curse estate duchy province copper silver gold adventurer gardens 
Player 3: curse estate duchy province copper silver gold gardens 
Testing Gaining mine to Discard for Player 2:
--TEST PASSED--
Player 0: curse estate duchy province copper silver gold adventurer gardens mine 
Player 1: curse estate duchy province copper silver gold adventurer gardens mine 
Player 2: curse estate duchy province copper silver gold adventurer gardens mine 
Player 3: curse estate duchy province copper silver gold adventurer gardens 
Testing Gaining mine to Deck for Player 2:
--TEST PASSED--
Player 0: curse estate duchy province copper silver gold adventurer gardens mine 
Player 1: curse estate duchy province copper silver gold adventurer gardens mine 
Player 2: curse estate duchy province copper silver gold adventurer gardens mine 
Player 3: curse estate duchy province copper silver gold gardens 
Testing Gaining mine to Hand for Player 2:
--TEST PASSED--
Player 0: curse estate duchy province copper silver gold adventurer gardens mine 
Player 1: curse estate duchy province copper silver gold adventurer gardens mine 
Player 2: curse estate duchy province copper silver gold adventurer gardens mine 
Player 3: curse estate duchy province copper silver gold gardens 
Testing Gaining mine to Discard for Player 3:
--TEST PASSED--
Player 0: curse estate duchy province copper silver gold adventurer gardens mine 
Player 1: curse estate duchy province copper silver gold adventurer gardens mine 
Player 2: curse estate duchy province copper silver gold adventurer gardens mine 
Player 3: curse estate duchy province copper silver gold adventurer gardens mine 
Testing Gaining mine to Deck for Player 3:
Supply of mine was empty; COULD NOT GAIN
--TEST PASSED--
Testing Gaining mine to Hand for Player 3:
Supply of mine was empty; COULD NOT GAIN
--TEST PASSED--
--Card: remodel

Testing Gaining remodel to Discard for Player 0:
Supply of remodel was empty; COULD NOT GAIN
--TEST PASSED--
Testing Gaining remodel to Deck for Player 0:
Supply of remodel was empty; COULD NOT GAIN
--TEST PASSED--
Testing Gaining remodel to Hand for Player 0:
Supply of remodel was empty; COULD NOT GAIN
--TEST PASSED--
Testing Gaining remodel to Discard for Player 1:
Supply of remodel was empty; COULD NOT GAIN
--TEST PASSED--
Testing Gaining remodel to Deck for Player 1:
Supply of remodel was empty; COULD NOT GAIN
--TEST PASSED--
Testing Gaining remodel to Hand for Player 1:
Supply of remodel was empty; COULD NOT GAIN
--TEST PASSED--
Testing Gaining remodel to Discard for Player 2:
Supply of remodel was empty; COULD NOT GAIN
--TEST PASSED--
Testing Gaining remodel to Deck for Player 2:
Supply of remodel was empty; COULD NOT GAIN
--TEST PASSED--
Testing Gaining remodel to Hand for Player 2:
Supply of remodel was empty; COULD NOT GAIN
--TEST PASSED--
Testing Gaining remodel to Discard for Player 3:
Supply of remodel was empty; COULD NOT GAIN
--TEST PASSED--
Testing Gaining remodel to Deck for Player 3:
Supply of remodel was empty; COULD NOT GAIN
--TEST PASSED--
Testing Gaining remodel to Hand for Player 3:
Supply of remodel was empty; COULD NOT GAIN
--TEST PASSED--
--Card: smithy

Testing Gaining smithy to Discard for Player 0:
--TEST PASSED--
Player 0: curse estate duchy province copper silver gold adventurer gardens mine smithy 
Player 1: curse estate duchy province copper silver gold adventurer gardens mine 
Player 2: curse estate duchy province copper silver gold adventurer gardens mine 
Player 3: curse estate duchy province copper silver gold adventurer gardens mine 
Testing Gaining smithy to Deck for Player 0:
--TEST PASSED--
Player 0: curse estate duchy province copper silver gold adventurer gardens mine smithy 
Player 1: curse estate duchy province copper silver gold adventurer gardens mine 
Player 2: curse estate duchy province copper silver gold adventurer gardens mine 
Player 3: curse estate duchy province copper silver gold gardens 
Testing Gaining smithy to Hand for Player 0:
--TEST PASSED--
Player 0: curse estate duchy province copper silver gold adventurer gardens mine smithy 
Player 1: curse estate duchy province copper silver gold adventurer gardens mine 
Player 2: curse estate duchy province copper silver gold adventurer gardens mine 
Player 3: curse estate duchy province copper silver gold gardens 
Testing Gaining smithy to Discard for Player 1:
--TEST PASSED--
Player 0: curse estate duchy province copper silver gold adventurer gardens mine smithy 
Player 1: curse estate duchy province copper silver gold adventurer gardens mine smithy 
Player 2: curse estate duchy province copper silver gold adventurer gardens mine 
Player 3: curse estate duchy province copper silver gold adventurer gardens mine 
Testing Gaining smithy to Deck for Player 1:
--TEST PASSED--
Player 0: curse estate duchy province copper silver gold adventurer gardens mine smithy 
Player 1: curse estate duchy province copper silver gold adventurer gardens mine smithy 
Player 2: curse estate duchy province copper silver gold adventurer gardens mine 
Player 3: curse estate duchy province copper silver gold gardens 
Testing Gaining smithy to Hand for Player 1:
--TEST PASSED--
Player 0: curse estate duchy province copper silver gold adventurer gardens mine smithy 
Player 1: curse estate duchy province copper silver gold adventurer gardens mine smithy 
Player 2: curse estate duchy province copper silver gold adventurer gardens mine 
Player 3: curse estate duchy province copper silver gold gardens 
Testing Gaining smithy to Discard for Player 2:
--TEST PASSED--
Player 0: curse estate duchy province copper silver gold adventurer gardens mine smithy 
Player 1: curse estate duchy province copper silver gold adventurer gardens mine smithy 
Player 2: curse estate duchy province copper silver gold adventurer gardens mine smithy 
Player 3: curse estate duchy province copper silver gold adventurer gardens mine 
Testing Gaining smithy to Deck for Player 2:
--TEST PASSED--
Player 0: curse estate duchy province copper silver gold adventurer gardens mine smithy 
Player 1: curse estate duchy province copper silver gold adventurer gardens mine smithy 
Player 2: curse estate duchy province copper silver gold adventurer gardens mine smithy 
Player 3: curse estate duchy province copper silver gold gardens 
Testing Gaining smithy to Hand for Player 2:
--TEST PASSED--
Player 0: curse estate duchy province copper silver gold adventurer gardens mine smithy 
Player 1: curse estate duchy province copper silver gold adventurer gardens mine smithy 
Player 2: curse estate duchy province copper silver gold adventurer gardens mine smithy 
Player 3: curse estate duchy province copper silver gold gardens 
Testing Gaining smithy to Discard for Player 3:
--TEST PASSED--
Player 0: curse estate duchy province copper silver gold adventurer gardens mine smithy 
Player 1: curse estate duchy province copper silver gold adventurer gardens mine smithy 
Player 2: curse estate duchy province copper silver gold adventurer gardens mine smithy 
Player 3: curse estate duchy province copper silver gold adventurer gardens mine smithy 
Testing Gaining smithy to Deck for Player 3:
Supply of smithy was empty; COULD NOT GAIN
--TEST PASSED--
Testing Gaining smithy to Hand for Player 3:
Supply of smithy was empty; COULD NOT GAIN
--TEST PASSED--
--Card: village

Testing Gaining village to Discard for Player 0:
--TEST PASSED--
Player 0: curse estate duchy province copper silver gold adventurer gardens mine smithy village 
Player 1: curse estate duchy province copper silver gold adventurer gardens mine smithy 
Player 2: curse estate duchy province copper silver gold adventurer gardens mine smithy 
Player 3: curse estate duchy province copper silver gold adventurer gardens mine smithy 
Testing Gaining village to Deck for Player 0:
--TEST PASSED--
Player 0: curse estate duchy province copper silver gold adventurer gardens mine smithy village 
Player 1: curse estate duchy province copper silver gold adventurer gardens mine smithy 
Player 2: curse estate duchy province copper silver gold adventurer gardens mine smithy 
Player 3: curse estate duchy province copper silver gold gardens 
Testing Gaining village to Hand for Player 0:
--TEST PASSED--
Player 0: curse estate duchy province copper silver gold adventurer gardens mine smithy village 
Player 1: curse estate duchy province copper silver gold adventurer gardens mine smithy 
Player 2: curse estate duchy province copper silver gold adventurer gardens mine smithy 
Player 3: curse estate duchy province copper silver gold gardens 
Testing Gaining village to Discard for Player 1:
--TEST PASSED--
Player 0: curse estate duchy province copper silver gold adventurer gardens mine smithy village 
Player 1: curse estate duchy province copper silver gold adventurer gardens mine smithy village 
Player 2: curse estate duchy province copper silver gold adventurer gardens mine smithy 
Player 3: curse estate duchy province copper silver gold adventurer gardens mine smithy 
Testing Gaining village to Deck for Player 1:
--TEST PASSED--
Player 0: curse estate duchy province copper silver gold adventurer gardens mine smithy village 
Player 1: curse estate duchy province copper silver gold adventurer gardens mine smithy village 
Player 2: curse estate duchy province copper silver gold adventurer gardens mine smithy 
Player 3: curse estate duchy province copper silver gold gardens 
Testing Gaining village to Hand for Player 1:
--TEST PASSED--
Player 0: curse estate duchy province copper silver gold adventurer gardens mine smithy village 
Player 1: curse estate duchy province copper silver gold adventurer gardens mine smithy village 
Player 2: curse estate duchy province copper silver gold adventurer gardens mine smithy 
Player 3: curse estate duchy province copper silver gold gardens 
Testing Gaining village to Discard for Player 2:
--TEST PASSED--
Player 0: curse estate duchy province copper silver gold adventurer gardens mine smithy village 
Player 1: curse estate duchy province copper silver gold adventurer gardens mine smithy village 
Player 2: curse estate duchy province copper silver gold adventurer gardens mine smithy village 
Player 3: curse estate duchy province copper silver gold adventurer gardens mine smithy 
Testing Gaining village to Deck for Player 2:
--TEST PASSED--
Player 0: curse estate duchy province copper silver gold adventurer gardens mine smithy village 
Player 1: curse estate duchy province copper silver gold adventurer gardens mine smithy village 
Player 2: curse estate duchy province copper silver gold adventurer gardens mine smithy village 
Player 3: curse estate duchy province copper silver gold gardens 
Testing Gaining village to Hand for Player 2:
--TEST PASSED--
Player 0: curse estate duchy province copper silver gold adventurer gardens mine smithy village 
Player 1: curse estate duchy province copper silver gold adventurer gardens mine smithy village 
Player 2: curse estate duchy province copper silver gold adventurer gardens mine smithy village 
Player 3: curse estate duchy province copper silver gold gardens 
Testing Gaining village to Discard for Player 3:
--TEST PASSED--
Player 0: curse estate duchy province copper silver gold adventurer gardens mine smithy village 
Player 1: curse estate duchy province copper silver gold adventurer gardens mine smithy village 
Player 2: curse estate duchy province copper silver gold adventurer gardens mine smithy village 
Player 3: curse estate duchy province copper silver gold adventurer gardens mine smithy village 
Testing Gaining village to Deck for Player 3:
Supply of village was empty; COULD NOT GAIN
--TEST PASSED--
Testing Gaining village to Hand for Player 3:
Supply of village was empty; COULD NOT GAIN
--TEST PASSED--
--Card: baron

Testing Gaining baron to Discard for Player 0:
Supply of baron was empty; COULD NOT GAIN
--TEST PASSED--
Testing Gaining baron to Deck for Player 0:
Supply of baron was empty; COULD NOT GAIN
--TEST PASSED--
Testing Gaining baron to Hand for Player 0:
Supply of baron was empty; COULD NOT GAIN
--TEST PASSED--
Testing Gaining baron to Discard for Player 1:
Supply of baron was empty; COULD NOT GAIN
--TEST PASSED--
Testing Gaining baron to Deck for Player 1:
Supply of baron was empty; COULD NOT GAIN
--TEST PASSED--
Testing Gaining baron to Hand for Player 1:
Supply of baron was empty; COULD NOT GAIN
--TEST PASSED--
Testing Gaining baron to Discard for Player 2:
Supply of baron was empty; COULD NOT GAIN
--TEST PASSED--
Testing Gaining baron to Deck for Player 2:
Supply of baron was empty; COULD NOT GAIN
--TEST PASSED--
Testing Gaining baron to Hand for Player 2:
Supply of baron was empty; COULD NOT GAIN
--TEST PASSED--
Testing Gaining baron to Discard for Player 3:
Supply of baron was empty; COULD NOT GAIN
--TEST PASSED--
Testing Gaining baron to Deck for Player 3:
Supply of baron was empty; COULD NOT GAIN
--TEST PASSED--
Testing Gaining baron to Hand for Player 3:
Supply of baron was empty; COULD NOT GAIN
--TEST PASSED--
--Card: great_hall

Testing Gaining great_hall to Discard for Player 0:
Supply of great_hall was empty; COULD NOT GAIN
--TEST PASSED--
Testing Gaining great_hall to Deck for Player 0:
Supply of great_hall was empty; COULD NOT GAIN
--TEST PASSED--
Testing Gaining great_hall to Hand for Player 0:
Supply of great_hall was empty; COULD NOT GAIN
--TEST PASSED--
Testing Gaining great_hall to Discard for Player 1:
Supply of great_hall was empty; COULD NOT GAIN
--TEST PASSED--
Testing Gaining great_hall to Deck for Player 1:
Supply of great_hall was empty; COULD NOT GAIN
--TEST PASSED--
Testing Gaining great_hall to Hand for Player 1:
Supply of great_hall was empty; COULD NOT GAIN
--TEST PASSED--
Testing Gaining great_hall to Discard for Player 2:
Supply of great_hall was empty; COULD NOT GAIN
--TEST PASSED--
Testing Gaining great_hall to Deck for Player 2:
Supply of great_hall was empty; COULD NOT GAIN
--TEST PASSED--
Testing Gaining great_hall to Hand for Player 2:
Supply of great_hall was empty; COULD NOT GAIN
--TEST PASSED--
Testing Gaining great_hall to Discard for Player 3:
Supply of great_hall was empty; COULD NOT GAIN
--TEST PASSED--
Testing Gaining great_hall to Deck for Player 3:
Supply of great_hall was empty; COULD NOT GAIN
--TEST PASSED--
Testing Gaining great_hall to Hand for Player 3:
Supply of great_hall was empty; COULD NOT GAIN
--TEST PASSED--
--Card: minion

Testing Gaining minion to Discard for Player 0:
--TEST PASSED--
Player 0: curse estate duchy province copper silver gold adventurer gardens mine smithy village minion 
Player 1: curse estate duchy province copper silver gold adventurer gardens mine smithy village 
Player 2: curse estate duchy province copper silver gold adventurer gardens mine smithy village 
Player 3: curse estate duchy province copper silver gold adventurer gardens mine smithy village 
Testing Gaining minion to Deck for Player 0:
--TEST PASSED--
Player 0: curse estate duchy province copper silver gold adventurer gardens mine smithy village minion 
Player 1: curse estate duchy province copper silver gold adventurer gardens mine smithy village 
Player 2: curse estate duchy province copper silver gold adventurer gardens mine smithy village 
Player 3: curse estate duchy province copper silver gold gardens 
Testing Gaining minion to Hand for Player 0:
--TEST PASSED--
Player 0: curse estate duchy province copper silver gold adventurer gardens mine smithy village minion 
Player 1: curse estate duchy province copper silver gold adventurer gardens mine smithy village 
Player 2: curse estate duchy province copper silver gold adventurer gardens mine smithy village 
Player 3: curse estate duchy province copper silver gold gardens 
Testing Gaining minion to Discard for Player 1:
--TEST PASSED--
Player 0: curse estate duchy province copper silver gold adventurer gardens mine smithy village minion 
Player 1: curse estate duchy province copper silver gold adventurer gardens mine smithy village minion 
Player 2: curse estate duchy province copper silver gold adventurer gardens mine smithy village 
Player 3: curse estate duchy province copper silver gold adventurer gardens mine smithy village 
Testing Gaining minion to Deck for Player 1:
--TEST PASSED--
Player 0: curse estate duchy province copper silver gold adventurer gardens mine smithy village minion 
Player 1: curse estate duchy province copper silver gold adventurer gardens mine smithy village minion 
Player 2: curse estate duchy province copper silver gold adventurer gardens mine smithy village 
Player 3: curse estate duchy province copper silver gold gardens 
Testing Gaining minion to Hand for Player 1:
--TEST PASSED--
Player 0: curse estate duchy province copper silver gold adventurer gardens mine smithy village minion 
Player 1: curse estate duchy province copper silver gold adventurer gardens mine smithy village minion 
Player 2: curse estate duchy province copper silver gold adventurer gardens mine smithy village 
Player 3: curse estate duchy province copper silver gold gardens 
Testing Gaining minion to Discard for Player 2:
--TEST PASSED--
Player 0: curse estate duchy province copper silver gold adventurer gardens mine smithy village minion 
Player 1: curse estate duchy province copper silver gold adventurer gardens mine smithy village minion 
Player 2: curse estate duchy province copper silver gold adventurer gardens mine smithy village minion 
Player 3: curse estate duchy province copper silver gold adventurer gardens mine smithy village 
Testing Gaining minion to Deck for Player 2:
--TEST PASSED--
Player 0: curse estate duchy province copper silver gold adventurer gardens mine smithy village minion 
Player 1: curse estate duchy province copper silver gold adventurer gardens mine smithy village minion 
Player 2: curse estate duchy province copper silver gold adventurer gardens mine smithy village minion 
Player 3: curse estate duchy province copper silver gold gardens 
Testing Gaining minion to Hand for Player 2:
--TEST PASSED--
Player 0: curse estate duchy province copper silver gold adventurer gardens mine smithy village minion 
Player 1: curse estate duchy province copper silver gold adventurer gardens mine smithy village minion 
Player 2: curse estate duchy province copper silver gold adventurer gardens mine smithy village minion 
Player 3: curse estate duchy province copper silver gold gardens 
Testing Gaining minion to Discard for Player 3:
--TEST PASSED--
Player 0: curse estate duchy province copper silver gold adventurer gardens mine smithy village minion 
Player 1: curse estate duchy province copper silver gold adventurer gardens mine smithy village minion 
Player 2: curse estate duchy province copper silver gold adventurer gardens mine smithy village minion 
Player 3: curse estate duchy province copper silver gold adventurer gardens mine smithy village minion 
Testing Gaining minion to Deck for Player 3:
Supply of minion was empty; COULD NOT GAIN
--TEST PASSED--
Testing Gaining minion to Hand for Player 3:
Supply of minion was empty; COULD NOT GAIN
--TEST PASSED--
--Card: steward

Testing Gaining steward to Discard for Player 0:
Supply of steward was empty; COULD NOT GAIN
--TEST PASSED--
Testing Gaining steward to Deck for Player 0:
Supply of steward was empty; COULD NOT GAIN
--TEST PASSED--
Testing Gaining steward to Hand for Player 0:
Supply of steward was empty; COULD NOT GAIN
--TEST PASSED--
Testing Gaining steward to Discard for Player 1:
Supply of steward was empty; COULD NOT GAIN
--TEST PASSED--
Testing Gaining steward to Deck for Player 1:
Supply of steward was empty; COULD NOT GAIN
--TEST PASSED--
Testing Gaining steward to Hand for Player 1:
Supply of steward was empty; COULD NOT GAIN
--TEST PASSED--
Testing Gaining steward to Discard for Player 2:
Supply of steward was empty; COULD NOT GAIN
--TEST PASSED--
Testing Gaining steward to Deck for Player 2:
Supply of steward was empty; COULD NOT GAIN
--TEST PASSED--
Testing Gaining steward to Hand for Player 2:
Supply of steward was empty; COULD NOT GAIN
--TEST PASSED--
Testing Gaining steward to Discard for Player 3:
Supply of steward was empty; COULD NOT GAIN
--TEST PASSED--
Testing Gaining steward to Deck for Player 3:
Supply of steward was empty; COULD NOT GAIN
--TEST PASSED--
Testing Gaining steward to Hand for Player 3:
Supply of steward was empty; COULD NOT GAIN
--TEST PASSED--
--Card: tribute

Testing Gaining tribute to Discard for Player 0:
--TEST PASSED--
Player 0: curse estate duchy province copper silver gold adventurer gardens mine smithy village minion tribute 
Player 1: curse estate duchy province copper silver gold adventurer gardens mine smithy village minion 
Player 2: curse estate duchy province copper silver gold adventurer gardens mine smithy village minion 
Player 3: curse estate duchy province copper silver gold adventurer gardens mine smithy village minion 
Testing Gaining tribute to Deck for Player 0:
--TEST PASSED--
Player 0: curse estate duchy province copper silver gold adventurer gardens mine smithy village minion tribute 
Player 1: curse estate duchy province copper silver gold adventurer gardens mine smithy village minion 
Player 2: curse estate duchy province copper silver gold adventurer gardens mine smithy village minion 
Player 3: curse estate duchy province copper silver gold gardens 
Testing Gaining tribute to Hand for Player 0:
--TEST PASSED--
Player 0: curse estate duchy province copper silver gold adventurer gardens mine smithy village minion tribute 
Player 1: curse estate duchy province copper silver gold adventurer gardens mine smithy village minion 
Player 2: curse estate duchy province copper silver gold adventurer gardens mine smithy village minion 
Player 3: curse estate duchy province copper silver gold gardens 
Testing Gaining tribute to Discard for Player 1:
--TEST PASSED--
Player 0: curse estate duchy province copper silver gold adventurer gardens mine smithy village minion tribute 
Player 1: curse estate duchy province copper silver gold adventurer gardens mine smithy village minion tribute 
Player 2: curse estate duchy province copper silver gold adventurer gardens mine smithy village minion 
Player 3: curse estate duchy province copper silver gold adventurer gardens mine smithy village minion 
Testing Gaining tribute to Deck for Player 1:
--TEST PASSED--
Player 0: curse estate duchy province copper silver gold adventurer gardens mine smithy village minion tribute 
Player 1: curse estate duchy province copper silver gold adventurer gardens mine smithy village minion tribute 
Player 2: curse estate duchy province copper silver gold adventurer gardens mine smithy village minion 
Player 3: curse estate duchy province copper silver gold gardens 
Testing Gaining tribute to Hand for Player 1:
--TEST PASSED--
Player 0: curse estate duchy province copper silver gold adventurer gardens mine smithy village minion tribute 
Player 1: curse estate duchy province copper silver gold adventurer gardens mine smithy village minion tribute 
Player 2: curse estate duchy province copper silver gold adventurer gardens mine smithy village minion 
Player 3: curse estate duchy province copper silver gold gardens 
Testing Gaining tribute to Discard for Player 2:
--TEST PASSED--
Player 0: curse estate duchy province copper silver gold adventurer gardens mine smithy village minion tribute 
Player 1: curse estate duchy province copper silver gold adventurer gardens mine smithy village minion tribute 
Player 2: curse estate duchy province copper silver gold adventurer gardens mine smithy village minion tribute 
Player 3: curse estate duchy province copper silver gold adventurer gardens mine smithy village minion 
Testing Gaining tribute to Deck for Player 2:
--TEST PASSED--
Player 0: curse estate duchy province copper silver gold adventurer gardens mine smithy village minion tribute 
Player 1: curse estate duchy province copper silver gold adventurer gardens mine smithy village minion tribute 
Player 2: curse estate duchy province copper silver gold adventurer gardens mine smithy village minion tribute 
Player 3: curse estate duchy province copper silver gold gardens 
Testing Gaining tribute to Hand for Player 2:
--TEST PASSED--
Player 0: curse estate duchy province copper silver gold adventurer gardens mine smithy village minion tribute 
Player 1: curse estate duchy province copper silver gold adventurer gardens mine smithy village minion tribute 
Player 2: curse estate duchy province copper silver gold adventurer gardens mine smithy village minion tribute 
Player 3: curse estate duchy province copper silver gold gardens 
Testing Gaining tribute to Discard for Player 3:
--TEST PASSED--
Player 0: curse estate duchy province copper silver gold adventurer gardens mine smithy village minion tribute 
Player 1: curse estate duchy province copper silver gold adventurer gardens mine smithy village minion tribute 
Player 2: curse estate duchy province copper silver gold adventurer gardens mine smithy village minion tribute 
Player 3: curse estate duchy province copper silver gold adventurer gardens mine smithy village minion tribute 
Testing Gaining tribute to Deck for Player 3:
Supply of tribute was empty; COULD NOT GAIN
--TEST PASSED--
Testing Gaining tribute to Hand for Player 3:
Supply of tribute was empty; COULD NOT GAIN
--TEST PASSED--
--Card: ambassador

Testing Gaining ambassador to Discard for Player 0:
Supply of ambassador was empty; COULD NOT GAIN
--TEST PASSED--
Testing Gaining ambassador to Deck for Player 0:
Supply of ambassador was empty; COULD NOT GAIN
--TEST PASSED--
Testing Gaining ambassador to Hand for Player 0:
Supply of ambassador was empty; COULD NOT GAIN
--TEST PASSED--
Testing Gaining ambassador to Discard for Player 1:
Supply of ambassador was empty; COULD NOT GAIN
--TEST PASSED--
Testing Gaining ambassador to Deck for Player 1:
Supply of ambassador was empty; COULD NOT GAIN
--TEST PASSED--
Testing Gaining ambassador to Hand for Player 1:
Supply of ambassador was empty; COULD NOT GAIN
--TEST PASSED--
Testing Gaining ambassador to Discard for Player 2:
Supply of ambassador was empty; COULD NOT GAIN
--TEST PASSED--
Testing Gaining ambassador to Deck for Player 2:
Supply of ambassador was empty; COULD NOT GAIN
--TEST PASSED--
Testing Gaining ambassador to Hand for Player 2:
Supply of ambassador was empty; COULD NOT GAIN
--TEST PASSED--
Testing Gaining ambassador to Discard for Player 3:
Supply of ambassador was empty; COULD NOT GAIN
--TEST PASSED--
Testing Gaining ambassador to Deck for Player 3:
Supply of ambassador was empty; COULD NOT GAIN
--TEST PASSED--
Testing Gaining ambassador to Hand for Player 3:
Supply of ambassador was empty; COULD NOT GAIN
--TEST PASSED--
--Card: cutpurse

Testing Gaining cutpurse to Discard for Player 0:
--TEST PASSED--
Player 0: curse estate duchy province copper silver gold adventurer gardens mine smithy village minion tribute cutpurse 
Player 1: curse estate duchy province copper silver gold adventurer gardens mine smithy village minion tribute 
Player 2: curse estate duchy province copper silver gold adventurer gardens mine smithy village minion tribute 
Player 3: curse estate duchy province copper silver gold adventurer gardens mine smithy village minion tribute 
Testing Gaining cutpurse to Deck for Player 0:
--TEST PASSED--
Player 0: curse estate duchy province copper silver gold adventurer gardens mine smithy village minion tribute cutpurse 
Player 1: curse estate duchy province copper silver gold adventurer gardens mine smithy village minion tribute 
Player 2: curse estate duchy province copper silver gold adventurer gardens mine smithy village minion tribute 
Player 3: curse estate duchy province copper silver gold gardens 
Testing Gaining cutpurse to Hand for Player 0:
--TEST PASSED--
Player 0: curse estate duchy province copper silver gold adventurer gardens mine smithy village minion tribute cutpurse 
Player 1: curse estate duchy province copper silver gold adventurer gardens mine smithy village minion tribute 
Player 2: curse estate duchy province copper silver gold adventurer gardens mine smithy village minion tribute 
Player 3: curse estate duchy province copper silver gold gardens 
Testing Gaining cutpurse to Discard for Player 1:
--TEST PASSED--
Player 0: curse estate duchy province copper silver gold adventurer gardens mine smithy village minion tribute cutpurse 
Player 1: curse estate duchy province copper silver gold adventurer gardens mine smithy village minion tribute cutpurse 
Player 2: curse estate duchy province copper silver gold adventurer gardens mine smithy village minion tribute 
Player 3: curse estate duchy province copper silver gold adventurer gardens mine smithy village minion tribute 
Testing Gaining cutpurse to Deck for Player 1:
--TEST PASSED--
Player 0: curse estate duchy province copper silver gold adventurer gardens mine smithy village minion tribute cutpurse 
Player 1: curse estate duchy province copper silver gold adventurer gardens mine smithy village minion tribute cutpurse 
Player 2: curse estate duchy province copper silver gold adventurer gardens mine smithy village minion tribute 
Player 3: curse estate duchy province copper silver gold gardens 
Testing Gaining cutpurse to Hand for Player 1:
--TEST PASSED--
Player 0: curse estate duchy province copper silver gold adventurer gardens mine smithy village minion tribute cutpurse 
Player 1: curse estate duchy province copper silver gold adventurer gardens mine smithy village minion tribute cutpurse 
Player 2: curse estate duchy province copper silver gold adventurer gardens mine smithy village minion tribute 
Player 3: curse estate duchy province copper silver gold gardens 
Testing Gaining cutpurse to Discard for Player 2:
--TEST PASSED--
Player 0: curse estate duchy province copper silver gold adventurer gardens mine smithy village minion tribute cutpurse 
Player 1: curse estate duchy province copper silver gold adventurer gardens mine smithy village minion tribute cutpurse 
Player 2: curse estate duchy province copper silver gold adventurer gardens mine smithy village minion tribute cutpurse 
Player 3: curse estate duchy province copper silver gold adventurer gardens mine smithy village minion tribute 
Testing Gaining cutpurse to Deck for Player 2:
--TEST PASSED--
Player 0: curse estate duchy province copper silver gold adventurer gardens mine smithy village minion tribute cutpurse 
Player 1: curse estate duchy province copper silver gold adventurer gardens mine smithy village minion tribute cutpurse 
Player 2: curse estate duchy province copper silver gold adventurer gardens mine smithy village minion tribute cutpurse 
Player 3: curse estate duchy province copper silver gold gardens 
Testing Gaining cutpurse to Hand for Player 2:
--TEST PASSED--
Player 0: curse estate duchy province copper silver gold adventurer gardens mine smithy village minion tribute cutpurse 
Player 1: curse estate duchy province copper silver gold adventurer gardens mine smithy village minion tribute cutpurse 
Player 2: curse estate duchy province copper silver gold adventurer gardens mine smithy village minion tribute cutpurse 
Player 3: curse estate duchy province copper silver gold gardens 
Testing Gaining cutpurse to Discard for Player 3:
--TEST PASSED--
Player 0: curse estate duchy province copper silver gold adventurer gardens mine smithy village minion tribute cutpurse 
Player 1: curse estate duchy province copper silver gold adventurer gardens mine smithy village minion tribute cutpurse 
Player 2: curse estate duchy province copper silver gold adventurer gardens mine smithy village minion tribute cutpurse 
Player 3: curse estate duchy province copper silver gold adventurer gardens mine smithy village minion tribute cutpurse 
Testing Gaining cutpurse to Deck for Player 3:
Supply of cutpurse was empty; COULD NOT GAIN
--TEST PASSED--
Testing Gaining cutpurse to Hand for Player 3:
Supply of cutpurse was empty; COULD NOT GAIN
--TEST PASSED--
--Card: embargo

Testing Gaining embargo to Discard for Player 0:
--TEST PASSED--
Player 0: curse estate duchy province copper silver gold adventurer gardens mine smithy village minion tribute cutpurse embargo 
Player 1: curse estate duchy province copper silver gold adventurer gardens mine smithy village minion tribute cutpurse 
Player 2: curse estate duchy province copper silver gold adventurer gardens mine smithy village minion tribute cutpurse 
Player 3: curse estate duchy province copper silver gold adventurer gardens mine smithy village minion tribute cutpurse 
Testing Gaining embargo to Deck for Player 0:
--TEST PASSED--
Player 0: curse estate duchy province copper silver gold adventurer gardens mine smithy village minion tribute cutpurse embargo 
Player 1: curse estate duchy province copper silver gold adventurer gardens mine smithy village minion tribute cutpurse 
Player 2: curse estate duchy province copper silver gold adventurer gardens mine smithy village minion tribute cutpurse 
Player 3: curse estate duchy province copper silver gold gardens 
Testing Gaining embargo to Hand for Player 0:
--TEST PASSED--
Player 0: curse estate duchy province copper silver gold adventurer gardens mine smithy village minion tribute cutpurse embargo 
Player 1: curse estate duchy province copper silver gold adventurer gardens mine smithy village minion tribute cutpurse 
Player 2: curse estate duchy province copper silver gold adventurer gardens mine smithy village minion tribute cutpurse 
Player 3: curse estate duchy province copper silver gold gardens 
Testing Gaining embargo to Discard for Player 1:
--TEST PASSED--
Player 0: curse estate duchy province copper silver gold adventurer gardens mine smithy village minion tribute cutpurse embargo 
Player 1: curse estate duchy province copper silver gold adventurer gardens mine smithy village minion tribute cutpurse embargo 
Player 2: curse estate duchy province copper silver gold adventurer gardens mine smithy village minion tribute cutpurse 
Player 3: curse estate duchy province copper silver gold adventurer gardens mine smithy village minion tribute cutpurse 
Testing Gaining embargo to Deck for Player 1:
--TEST PASSED--
Player 0: curse estate duchy province copper silver gold adventurer gardens mine smithy village minion tribute cutpurse embargo 
Player 1: curse estate duchy province copper silver gold adventurer gardens mine smithy village minion tribute cutpurse embargo 
Player 2: curse estate duchy province copper silver gold adventurer gardens mine smithy village minion tribute cutpurse 
Player 3: curse estate duchy province copper silver gold gardens 
Testing Gaining embargo to Hand for Player 1:
--TEST PASSED--
Player 0: curse estate duchy province copper silver gold adventurer gardens mine smithy village minion tribute cutpurse embargo 
Player 1: curse estate duchy province copper silver gold adventurer gardens mine smithy village minion tribute cutpurse embargo 
Player 2: curse estate duchy province copper silver gold adventurer gardens mine smithy village minion tribute cutpurse 
Player 3: curse estate duchy province copper silver gold gardens 
Testing Gaining embargo to Discard for Player 2:
--TEST PASSED--
Player 0: curse estate duchy province copper silver gold adventurer gardens mine smithy village minion tribute cutpurse embargo 
Player 1: curse estate duchy province copper silver gold adventurer gardens mine smithy village minion tribute cutpurse embargo 
Player 2: curse estate duchy province copper silver gold adventurer gardens mine smithy village minion tribute cutpurse embargo 
Player 3: curse estate duchy province copper silver gold adventurer gardens mine smithy village minion tribute cutpurse 
Testing Gaining embargo to Deck for Player 2:
--TEST PASSED--
Player 0: curse estate duchy province copper silver gold adventurer gardens mine smithy village minion tribute cutpurse embargo 
Player 1: curse estate duchy province copper silver gold adventurer gardens mine smithy village minion tribute cutpurse embargo 
Player 2: curse estate duchy province copper silver gold adventurer gardens mine smithy village minion tribute cutpurse embargo 
Player 3: curse estate duchy province copper silver gold gardens 
Testing Gaining embargo to Hand for Player 2:
--TEST PASSED--
Player 0: curse estate duchy province copper silver gold adventurer gardens mine smithy village minion tribute cutpurse embargo 
Player 1: curse estate duchy province copper silver gold adventurer gardens mine smithy village minion tribute cutpurse embargo 
Player 2: curse estate duchy province copper silver gold adventurer gardens mine smithy village minion tribute cutpurse embargo 
Player 3: curse estate duchy province copper silver gold gardens 
Testing Gaining embargo to Discard for Player 3:
--TEST PASSED--
Player 0: curse estate duchy province copper silver gold adventurer gardens mine smithy village minion tribute cutpurse embargo 
Player 1: curse estate duchy province copper silver gold adventurer gardens mine smithy village minion tribute cutpurse embargo 
Player 2: curse estate duchy province copper silver gold adventurer gardens mine smithy village minion tribute cutpurse embargo 
Player 3: curse estate duchy province copper silver gold adventurer gardens mine smithy village minion tribute cutpurse embargo 
Testing Gaining embargo to Deck for Player 3:
Supply of embargo was empty; COULD NOT GAIN
--TEST PASSED--
Testing Gaining embargo to Hand for Player 3:
Supply of embargo was empty; COULD NOT GAIN
--TEST PASSED--
--Card: outpost

Testing Gaining outpost to Discard for Player 0:
Supply of outpost was empty; COULD NOT GAIN
--TEST PASSED--
Testing Gaining outpost to Deck for Player 0:
Supply of outpost was empty; COULD NOT GAIN
--TEST PASSED--
Testing Gaining outpost to Hand for Player 0:
Supply of outpost was empty; COULD NOT GAIN
--TEST PASSED--
Testing Gaining outpost to Discard for Player 1:
Supply of outpost was empty; COULD NOT GAIN
--TEST PASSED--
Testing Gaining outpost to Deck for Player 1:
Supply of outpost was empty; COULD NOT GAIN
--TEST PASSED--
Testing Gaining outpost to Hand for Player 1:
Supply of outpost was empty; COULD NOT GAIN
--TEST PASSED--
Testing Gaining outpost to Discard for Player 2:
Supply of outpost was empty; COULD NOT GAIN
--TEST PASSED--
Testing Gaining outpost to Deck for Player 2:
Supply of outpost was empty; COULD NOT GAIN
--TEST PASSED--
Testing Gaining outpost to Hand for Player 2:
Supply of outpost was empty; COULD NOT GAIN
--TEST PASSED--
Testing Gaining outpost to Discard for Player 3:
Supply of outpost was empty; COULD NOT GAIN
--TEST PASSED--
Testing Gaining outpost to Deck for Player 3:
Supply of outpost was empty; COULD NOT GAIN
--TEST PASSED--
Testing Gaining outpost to Hand for Player 3:
Supply of outpost was empty; COULD NOT GAIN
--TEST PASSED--
--Card: salvager

Testing Gaining salvager to Discard for Player 0:
Supply of salvager was empty; COULD NOT GAIN
--TEST PASSED--
Testing Gaining salvager to Deck for Player 0:
Supply of salvager was empty; COULD NOT GAIN
--TEST PASSED--
Testing Gaining salvager to Hand for Player 0:
Supply of salvager was empty; COULD NOT GAIN
--TEST PASSED--
Testing Gaining salvager to Discard for Player 1:
Supply of salvager was empty; COULD NOT GAIN
--TEST PASSED--
Testing Gaining salvager to Deck for Player 1:
Supply of salvager was empty; COULD NOT GAIN
--TEST PASSED--
Testing Gaining salvager to Hand for Player 1:
Supply of salvager was empty; COULD NOT GAIN
--TEST PASSED--
Testing Gaining salvager to Discard for Player 2:
Supply of salvager was empty; COULD NOT GAIN
--TEST PASSED--
Testing Gaining salvager to Deck for Player 2:
Supply of salvager was empty; COULD NOT GAIN
--TEST PASSED--
Testing Gaining salvager to Hand for Player 2:
Supply of salvager was empty; COULD NOT GAIN
--TEST PASSED--
Testing Gaining salvager to Discard for Player 3:
Supply of salvager was empty; COULD NOT GAIN
--TEST PASSED--
Testing Gaining salvager to Deck for Player 3:
Supply of salvager was empty; COULD NOT GAIN
--TEST PASSED--
Testing Gaining salvager to Hand for Player 3:
Supply of salvager was empty; COULD NOT GAIN
--TEST PASSED--
--Card: sea_hag

Testing Gaining sea_hag to Discard for Player 0:
--TEST PASSED--
Player 0: curse estate duchy province copper silver gold adventurer gardens mine smithy village minion tribute cutpurse embargo sea_hag 
Player 1: curse estate duchy province copper silver gold adventurer gardens mine smithy village minion tribute cutpurse embargo 
Player 2: curse estate duchy province copper silver gold adventurer gardens mine smithy village minion tribute cutpurse embargo 
Player 3: curse estate duchy province copper silver gold adventurer gardens mine smithy village minion tribute cutpurse embargo 
Testing Gaining sea_hag to Deck for Player 0:
--TEST PASSED--
Player 0: curse estate duchy province copper silver gold adventurer gardens mine smithy village minion tribute cutpurse embargo sea_hag 
Player 1: curse estate duchy province copper silver gold adventurer gardens mine smithy village minion tribute cutpurse embargo 
Player 2: curse estate duchy province copper silver gold adventurer gardens mine smithy village minion tribute cutpurse embargo 
Player 3: curse estate duchy province copper silver gold gardens 
Testing Gaining sea_hag to Hand for Player 0:
--TEST PASSED--
Player 0: curse estate duchy province copper silver gold adventurer gardens mine smithy village minion tribute cutpurse embargo sea_hag 
Player 1: curse estate duchy province copper silver gold adventurer gardens mine smithy village minion tribute cutpurse embargo 
Player 2: curse estate duchy province copper silver gold adventurer gardens mine smithy village minion tribute cutpurse embargo 
Player 3: curse estate duchy province copper silver gold gardens 
Testing Gaining sea_hag to Discard for Player 1:
--TEST PASSED--
Player 0: curse estate duchy province copper silver gold adventurer gardens mine smithy village minion tribute cutpurse embargo sea_hag 
Player 1: curse estate duchy province copper silver gold adventurer gardens mine smithy village minion tribute cutpurse embargo sea_hag 
Player 2: curse estate duchy province copper silver gold adventurer gardens mine smithy village minion tribute cutpurse embargo 
Player 3: curse estate duchy province copper silver gold adventurer gardens mine smithy village minion tribute cutpurse embargo 
Testing Gaining sea_hag to Deck for Player 1:
--TEST PASSED--
Player 0: curse estate duchy province copper silver gold adventurer gardens mine smithy village minion tribute cutpurse embargo sea_hag 
Player 1: curse estate duchy province copper silver gold adventurer gardens mine smithy village minion tribute cutpurse embargo sea_hag 
Player 2: curse estate duchy province copper silver gold adventurer gardens mine smithy village minion tribute cutpurse embargo 
Player 3: curse estate duchy province copper silver gold gardens 
Testing Gaining sea_hag to Hand for Player 1:
--TEST PASSED--
Player 0: curse estate duchy province copper silver gold adventurer gardens mine smithy village minion tribute cutpurse embargo sea_hag 
Player 1: curse estate duchy province copper silver gold adventurer gardens mine smithy village minion tribute cutpurse embargo sea_hag 
Player 2: curse estate duchy province copper silver gold adventurer gardens mine smithy village minion tribute cutpurse embargo 
Player 3: curse estate duchy province copper silver gold gardens 
Testing Gaining sea_hag to Discard for Player 2:
--TEST PASSED--
Player 0: curse estate duchy province copper silver gold adventurer gardens mine smithy village minion tribute cutpurse embargo sea_hag 
Player 1: curse estate duchy province copper silver gold adventurer gardens mine smithy village minion tribute cutpurse embargo sea_hag 
Player 2: curse estate duchy province copper silver gold adventurer gardens mine smithy village minion tribute cutpurse embargo sea_hag 
Player 3: curse estate duchy province copper silver gold adventurer gardens mine smithy village minion tribute cutpurse embargo 
Testing Gaining sea_hag to Deck for Player 2:
--TEST PASSED--
Player 0: curse estate duchy province copper silver gold adventurer gardens mine smithy village minion tribute cutpurse embargo sea_hag 
Player 1: curse estate duchy province copper silver gold adventurer gardens mine smithy village minion tribute cutpurse embargo sea_hag 
Player 2: curse estate duchy province copper silver gold adventurer gardens mine smithy village minion tribute cutpurse embargo sea_hag 
Player 3: curse estate duchy province copper silver gold gardens 
Testing Gaining sea_hag to Hand for Player 2:
--TEST PASSED--
Player 0: curse estate duchy province copper silver gold adventurer gardens mine smithy village minion tribute cutpurse embargo sea_hag 
Player 1: curse estate duchy province copper silver gold adventurer gardens mine smithy village minion tribute cutpurse embargo sea_hag 
Player 2: curse estate duchy province copper silver gold adventurer gardens mine smithy village minion tribute cutpurse embargo sea_hag 
Player 3: curse estate duchy province copper silver gold gardens 
Testing Gaining sea_hag to Discard for Player 3:
--TEST PASSED--
Player 0: curse estate duchy province copper silver gold adventurer gardens mine smithy village minion tribute cutpurse embargo sea_hag 
Player 1: curse estate duchy province copper silver gold adventurer gardens mine smithy village minion tribute cutpurse embargo sea_hag 
Player 2: curse estate duchy province copper silver gold adventurer gardens mine smithy village minion tribute cutpurse embargo sea_hag 
Player 3: curse estate duchy province copper silver gold adventurer gardens mine smithy village minion tribute cutpurse embargo sea_hag 
Testing Gaining sea_hag to Deck for Player 3:
Supply of sea_hag was empty; COULD NOT GAIN
--TEST PASSED--
Testing Gaining sea_hag to Hand for Player 3:
Supply of sea_hag was empty; COULD NOT GAIN
--TEST PASSED--
--Card: treasure_map

Testing Gaining treasure_map to Discard for Player 0:
Supply of treasure_map was empty; COULD NOT GAIN
--TEST PASSED--
Testing Gaining treasure_map to Deck for Player 0:
Supply of treasure_map was empty; COULD NOT GAIN
--TEST PASSED--
Testing Gaining treasure_map to Hand for Player 0:
Supply of treasure_map was empty; COULD NOT GAIN
--TEST PASSED--
Testing Gaining treasure_map to Discard for Player 1:
Supply of treasure_map was empty; COULD NOT GAIN
--TEST PASSED--
Testing Gaining treasure_map to Deck for Player 1:
Supply of treasure_map was empty; COULD NOT GAIN
--TEST PASSED--
Testing Gaining treasure_map to Hand for Player 1:
Supply of treasure_map was empty; COULD NOT GAIN
--TEST PASSED--
Testing Gaining treasure_map to Discard for Player 2:
Supply of treasure_map was empty; COULD NOT GAIN
--TEST PASSED--
Testing Gaining treasure_map to Deck for Player 2:
Supply of treasure_map was empty; COULD NOT GAIN
--TEST PASSED--
Testing Gaining treasure_map to Hand for Player 2:
Supply of treasure_map was empty; COULD NOT GAIN
--TEST PASSED--
Testing Gaining treasure_map to Discard for Player 3:
Supply of treasure_map was empty; COULD NOT GAIN
--TEST PASSED--
Testing Gaining treasure_map to Deck for Player 3:
Supply of treasure_map was empty; COULD NOT GAIN
--TEST PASSED--
Testing Gaining treasure_map to Hand for Player 3:
Supply of treasure_map was empty; COULD NOT GAIN
--TEST PASSED--
--Card: curse

Testing Gaining curse to Discard for Player 0:
--TEST PASSED--
Player 0: curse estate duchy province copper silver gold adventurer gardens mine smithy village minion tribute cutpurse embargo sea_hag curse 
Player 1: curse estate duchy province copper silver gold adventurer gardens mine smithy village minion tribute cutpurse embargo sea_hag 
Player 2: curse estate duchy province copper silver gold adventurer gardens mine smithy village minion tribute cutpurse embargo sea_hag 
Player 3: curse estate duchy province copper silver gold adventurer gardens mine smithy village minion tribute cutpurse embargo sea_hag 
Testing Gaining curse to Deck for Player 0:
--TEST PASSED--
Player 0: curse estate duchy province copper silver gold adventurer gardens mine smithy village minion tribute cutpurse embargo sea_hag curse 
Player 1: curse estate duchy province copper silver gold adventurer gardens mine smithy village minion tribute cutpurse embargo sea_hag 
Player 2: curse estate duchy province copper silver gold adventurer gardens mine smithy village minion tribute cutpurse embargo sea_hag 
Player 3: curse estate duchy province copper silver gold gardens 
Testing Gaining curse to Hand for Player 0:
--TEST PASSED--
Player 0: curse estate duchy province copper silver gold adventurer gardens mine smithy village minion tribute cutpurse embargo sea_hag curse 
Player 1: curse estate duchy province copper silver gold adventurer gardens mine smithy village minion tribute cutpurse embargo sea_hag 
Player 2: curse estate duchy province copper silver gold adventurer gardens mine smithy village minion tribute cutpurse embargo sea_hag 
Player 3: curse estate duchy province copper silver gold gardens 
Testing Gaining curse to Discard for Player 1:
--TEST PASSED--
Player 0: curse estate duchy province copper silver gold adventurer gardens mine smithy village minion tribute cutpurse embargo sea_hag curse 
Player 1: curse estate duchy province copper silver gold adventurer gardens mine smithy village minion tribute cutpurse embargo sea_hag curse 
Player 2: curse estate duchy province copper silver gold adventurer gardens mine smithy village minion tribute cutpurse embargo sea_hag 
Player 3: curse estate duchy province copper silver gold adventurer gardens mine smithy village minion tribute cutpurse embargo sea_hag 
Testing Gaining curse to Deck for Player 1:
--TEST PASSED--
Player 0: curse estate duchy province copper silver gold adventurer gardens mine smithy village minion tribute cutpurse embargo sea_hag curse 
Player 1: curse estate duchy province copper silver gold adventurer gardens mine smithy village minion tribute cutpurse embargo sea_hag curse 
Player 2: curse estate duchy province copper silver gold adventurer gardens mine smithy village minion tribute cutpurse embargo sea_hag 
Player 3: curse estate duchy province copper silver gold gardens 
Testing Gaining curse to Hand for Player 1:
--TEST PASSED--
Player 0: curse estate duchy province copper silver gold adventurer gardens mine smithy village minion tribute cutpurse embargo sea_hag curse 
Player 1: curse estate duchy province copper silver gold adventurer gardens mine smithy village minion tribute cutpurse embargo sea_hag curse 
Player 2: curse estate duchy province copper silver gold adventurer gardens mine smithy village minion tribute cutpurse embargo sea_hag 
Player 3: curse estate duchy province copper silver gold gardens 
Testing Gaining curse to Discard for Player 2:
--TEST PASSED--
Player 0: curse estate duchy province copper silver gold adventurer gardens mine smithy village minion tribute cutpurse embargo sea_hag curse 
Player 1: curse estate duchy province copper silver gold adventurer gardens mine smithy village minion tribute cutpurse embargo sea_hag curse 
Player 2: curse estate duchy province copper silver gold adventurer gardens mine smithy village minion tribute cutpurse embargo sea_hag curse 
Player 3: curse estate duchy province copper silver gold adventurer gardens mine smithy village minion tribute cutpurse embargo sea_hag 
Testing Gaining curse to Deck for Player 2:
--TEST PASSED--
Player 0: curse estate duchy province copper silver gold adventurer gardens mine smithy village minion tribute cutpurse embargo sea_hag curse 
Player 1: curse estate duchy province copper silver gold adventurer gardens mine smithy village minion tribute cutpurse embargo sea_hag curse 
Player 2: curse estate duchy province copper silver gold adventurer gardens mine smithy village minion tribute cutpurse embargo sea_hag curse 
Player 3: curse estate duchy province copper silver gold gardens 
Testing Gaining curse to Hand for Player 2:
--TEST PASSED--
Player 0: curse estate duchy province copper silver gold adventurer gardens mine smithy village minion tribute cutpurse embargo sea_hag curse 
Player 1: curse estate duchy province copper silver gold adventurer gardens mine smithy village minion tribute cutpurse embargo sea_hag curse 
Player 2: curse estate duchy province copper silver gold adventurer gardens mine smithy village minion tribute cutpurse embargo sea_hag curse 
Player 3: curse estate duchy province copper silver gold gardens 
Testing Gaining curse to Discard for Player 3:
--TEST PASSED--
Player 0: curse estate duchy province copper silver gold adventurer gardens mine smithy village minion tribute cutpurse embargo sea_hag curse 
Player 1: curse estate duchy province copper silver gold adventurer gardens mine smithy village minion tribute cutpurse embargo sea_hag curse 
Player 2: curse estate duchy province copper silver gold adventurer gardens mine smithy village minion tribute cutpurse embargo sea_hag curse 
Player 3: curse estate duchy province copper silver gold adventurer gardens mine smithy village minion tribute cutpurse embargo sea_hag curse 
Testing Gaining curse to Deck for Player 3:
--TEST PASSED--
Player 0: curse estate duchy province copper silver gold adventurer gardens mine smithy village minion tribute cutpurse embargo sea_hag curse 
Player 1: curse estate duchy province copper silver gold adventurer gardens mine smithy village minion tribute cutpurse embargo sea_hag curse 
Player 2: curse estate duchy province copper silver gold adventurer gardens mine smithy village minion tribute cutpurse embargo sea_hag curse 
Player 3: curse estate duchy province copper silver gold gardens curse 
Testing Gaining curse to Hand for Player 3:
--TEST PASSED--
Player 0: curse estate duchy province copper silver gold adventurer gardens mine smithy village minion tribute cutpurse embargo sea_hag curse 
Player 1: curse estate duchy province copper silver gold adventurer gardens mine smithy village minion tribute cutpurse embargo sea_hag curse 
Player 2: curse estate duchy province copper silver gold adventurer gardens mine smithy village minion tribute cutpurse embargo sea_hag curse 
Player 3: curse estate duchy province copper silver gold gardens curse 
File 'unittest3.c'
Lines executed:100.00% of 55
Branches executed:100.00% of 30
Taken at least once:100.00% of 30
Calls executed:100.00% of 29
Creating 'unittest3.c.gcov'

