--TEST PASSED @ curse--
--TEST PASSED @ estate--
--TEST PASSED @ duchy--
--TEST PASSED @ province--
--TEST PASSED @ copper--
--TEST PASSED @ silver--
--TEST PASSED @ gold--
--TEST PASSED @ adventurer--
--TEST PASSED @ council_room--
--TEST PASSED @ feast--
--TEST PASSED @ gardens--
--TEST PASSED @ mine--
--TEST PASSED @ remodel--
--TEST PASSED @ smithy--
--TEST PASSED @ village--
--TEST PASSED @ baron--
--TEST PASSED @ great_hall--
--TEST PASSED @ minion--
--TEST PASSED @ steward--
--TEST PASSED @ tribute--
--TEST PASSED @ ambassador--
--TEST PASSED @ cutpurse--
--TEST PASSED @ embargo--
--TEST PASSED @ outpost--
--TEST PASSED @ salvager--
--TEST PASSED @ sea_hag--
--TEST PASSED @ treasure_map--
File 'unittest4.c'
Lines executed:76.47% of 34
Branches executed:100.00% of 70
Taken at least once:88.57% of 70
Calls executed:50.00% of 30
Creating 'unittest4.c.gcov'

